Analysis & Synthesis report for DE1_SoC
Sat Jan 13 01:43:40 2024
Quartus Prime Version 17.0.0 Build 595 04/25/2017 SJ Lite Edition


---------------------
; Table of Contents ;
---------------------
  1. Legal Notice
  2. Analysis & Synthesis Summary
  3. Analysis & Synthesis Settings
  4. Parallel Compilation
  5. Analysis & Synthesis Source Files Read
  6. Analysis & Synthesis Resource Usage Summary
  7. Analysis & Synthesis Resource Utilization by Entity
  8. General Register Statistics
  9. Multiplexer Restructuring Statistics (Restructuring Performed)
 10. Parameter Settings for Inferred Entity Instance: car_count_display:count_display|lpm_divide:Mod0
 11. Parameter Settings for Inferred Entity Instance: car_count_display:count_display|lpm_divide:Div0
 12. Post-Synthesis Netlist Statistics for Top Partition
 13. Elapsed Time Per Partition
 14. Analysis & Synthesis Messages
 15. Analysis & Synthesis Suppressed Messages



----------------
; Legal Notice ;
----------------
Copyright (C) 2017  Intel Corporation. All rights reserved.
Your use of Intel Corporation's design tools, logic functions 
and other software and tools, and its AMPP partner logic 
functions, and any output files from any of the foregoing 
(including device programming or simulation files), and any 
associated documentation or information are expressly subject 
to the terms and conditions of the Intel Program License 
Subscription Agreement, the Intel Quartus Prime License Agreement,
the Intel MegaCore Function License Agreement, or other 
applicable license agreement, including, without limitation, 
that your use is for the sole purpose of programming logic 
devices manufactured by Intel and sold by Intel or its 
authorized distributors.  Please refer to the applicable 
agreement for further details.



+-------------------------------------------------------------------------------+
; Analysis & Synthesis Summary                                                  ;
+---------------------------------+---------------------------------------------+
; Analysis & Synthesis Status     ; Successful - Sat Jan 13 01:43:40 2024       ;
; Quartus Prime Version           ; 17.0.0 Build 595 04/25/2017 SJ Lite Edition ;
; Revision Name                   ; DE1_SoC                                     ;
; Top-level Entity Name           ; DE1_SoC                                     ;
; Family                          ; Cyclone V                                   ;
; Logic utilization (in ALMs)     ; N/A                                         ;
; Total registers                 ; 9                                           ;
; Total pins                      ; 79                                          ;
; Total virtual pins              ; 0                                           ;
; Total block memory bits         ; 0                                           ;
; Total DSP Blocks                ; 0                                           ;
; Total HSSI RX PCSs              ; 0                                           ;
; Total HSSI PMA RX Deserializers ; 0                                           ;
; Total HSSI TX PCSs              ; 0                                           ;
; Total HSSI PMA TX Serializers   ; 0                                           ;
; Total PLLs                      ; 0                                           ;
; Total DLLs                      ; 0                                           ;
+---------------------------------+---------------------------------------------+


+---------------------------------------------------------------------------------------------------------------------------+
; Analysis & Synthesis Settings                                                                                             ;
+---------------------------------------------------------------------------------+--------------------+--------------------+
; Option                                                                          ; Setting            ; Default Value      ;
+---------------------------------------------------------------------------------+--------------------+--------------------+
; Device                                                                          ; 5CSEMA5F31C6       ;                    ;
; Top-level entity name                                                           ; DE1_SoC            ; DE1_SoC            ;
; Family name                                                                     ; Cyclone V          ; Cyclone V          ;
; State Machine Processing                                                        ; User-Encoded       ; Auto               ;
; Use smart compilation                                                           ; Off                ; Off                ;
; Enable parallel Assembler and TimeQuest Timing Analyzer during compilation      ; On                 ; On                 ;
; Enable compact report table                                                     ; Off                ; Off                ;
; Restructure Multiplexers                                                        ; Auto               ; Auto               ;
; MLAB Add Timing Constraints For Mixed-Port Feed-Through Mode Setting Don't Care ; Off                ; Off                ;
; Create Debugging Nodes for IP Cores                                             ; Off                ; Off                ;
; Preserve fewer node names                                                       ; On                 ; On                 ;
; OpenCore Plus hardware evaluation                                               ; Enable             ; Enable             ;
; Verilog Version                                                                 ; Verilog_2001       ; Verilog_2001       ;
; VHDL Version                                                                    ; VHDL_1993          ; VHDL_1993          ;
; Safe State Machine                                                              ; Off                ; Off                ;
; Extract Verilog State Machines                                                  ; On                 ; On                 ;
; Extract VHDL State Machines                                                     ; On                 ; On                 ;
; Ignore Verilog initial constructs                                               ; Off                ; Off                ;
; Iteration limit for constant Verilog loops                                      ; 5000               ; 5000               ;
; Iteration limit for non-constant Verilog loops                                  ; 250                ; 250                ;
; Add Pass-Through Logic to Inferred RAMs                                         ; On                 ; On                 ;
; Infer RAMs from Raw Logic                                                       ; On                 ; On                 ;
; Parallel Synthesis                                                              ; On                 ; On                 ;
; DSP Block Balancing                                                             ; Auto               ; Auto               ;
; NOT Gate Push-Back                                                              ; On                 ; On                 ;
; Power-Up Don't Care                                                             ; On                 ; On                 ;
; Remove Redundant Logic Cells                                                    ; Off                ; Off                ;
; Remove Duplicate Registers                                                      ; On                 ; On                 ;
; Ignore CARRY Buffers                                                            ; Off                ; Off                ;
; Ignore CASCADE Buffers                                                          ; Off                ; Off                ;
; Ignore GLOBAL Buffers                                                           ; Off                ; Off                ;
; Ignore ROW GLOBAL Buffers                                                       ; Off                ; Off                ;
; Ignore LCELL Buffers                                                            ; Off                ; Off                ;
; Ignore SOFT Buffers                                                             ; On                 ; On                 ;
; Limit AHDL Integers to 32 Bits                                                  ; Off                ; Off                ;
; Optimization Technique                                                          ; Balanced           ; Balanced           ;
; Carry Chain Length                                                              ; 70                 ; 70                 ;
; Auto Carry Chains                                                               ; On                 ; On                 ;
; Auto Open-Drain Pins                                                            ; On                 ; On                 ;
; Perform WYSIWYG Primitive Resynthesis                                           ; Off                ; Off                ;
; Auto ROM Replacement                                                            ; On                 ; On                 ;
; Auto RAM Replacement                                                            ; On                 ; On                 ;
; Auto DSP Block Replacement                                                      ; On                 ; On                 ;
; Auto Shift Register Replacement                                                 ; Auto               ; Auto               ;
; Allow Shift Register Merging across Hierarchies                                 ; Auto               ; Auto               ;
; Auto Clock Enable Replacement                                                   ; On                 ; On                 ;
; Strict RAM Replacement                                                          ; Off                ; Off                ;
; Allow Synchronous Control Signals                                               ; On                 ; On                 ;
; Force Use of Synchronous Clear Signals                                          ; Off                ; Off                ;
; Auto Resource Sharing                                                           ; Off                ; Off                ;
; Allow Any RAM Size For Recognition                                              ; Off                ; Off                ;
; Allow Any ROM Size For Recognition                                              ; Off                ; Off                ;
; Allow Any Shift Register Size For Recognition                                   ; Off                ; Off                ;
; Use LogicLock Constraints during Resource Balancing                             ; On                 ; On                 ;
; Ignore translate_off and synthesis_off directives                               ; Off                ; Off                ;
; Timing-Driven Synthesis                                                         ; On                 ; On                 ;
; Report Parameter Settings                                                       ; On                 ; On                 ;
; Report Source Assignments                                                       ; On                 ; On                 ;
; Report Connectivity Checks                                                      ; On                 ; On                 ;
; Ignore Maximum Fan-Out Assignments                                              ; Off                ; Off                ;
; Synchronization Register Chain Length                                           ; 3                  ; 3                  ;
; PowerPlay Power Optimization During Synthesis                                   ; Normal compilation ; Normal compilation ;
; HDL message level                                                               ; Level2             ; Level2             ;
; Suppress Register Optimization Related Messages                                 ; Off                ; Off                ;
; Number of Removed Registers Reported in Synthesis Report                        ; 5000               ; 5000               ;
; Number of Swept Nodes Reported in Synthesis Report                              ; 5000               ; 5000               ;
; Number of Inverted Registers Reported in Synthesis Report                       ; 100                ; 100                ;
; Clock MUX Protection                                                            ; On                 ; On                 ;
; Auto Gated Clock Conversion                                                     ; Off                ; Off                ;
; Block Design Naming                                                             ; Auto               ; Auto               ;
; SDC constraint protection                                                       ; Off                ; Off                ;
; Synthesis Effort                                                                ; Auto               ; Auto               ;
; Shift Register Replacement - Allow Asynchronous Clear Signal                    ; On                 ; On                 ;
; Pre-Mapping Resynthesis Optimization                                            ; Off                ; Off                ;
; Analysis & Synthesis Message Level                                              ; Medium             ; Medium             ;
; Disable Register Merging Across Hierarchies                                     ; Auto               ; Auto               ;
; Resource Aware Inference For Block RAM                                          ; On                 ; On                 ;
; Automatic Parallel Synthesis                                                    ; On                 ; On                 ;
; Partial Reconfiguration Bitstream ID                                            ; Off                ; Off                ;
+---------------------------------------------------------------------------------+--------------------+--------------------+


+------------------------------------------+
; Parallel Compilation                     ;
+----------------------------+-------------+
; Processors                 ; Number      ;
+----------------------------+-------------+
; Number detected on machine ; 20          ;
; Maximum allowed            ; 14          ;
;                            ;             ;
; Average used               ; 1.00        ;
; Maximum used               ; 14          ;
;                            ;             ;
; Usage by Processor         ; % Time Used ;
;     Processor 1            ; 100.0%      ;
;     Processors 2-14        ;   0.0%      ;
+----------------------------+-------------+


+-------------------------------------------------------------------------------------------------------------------------------------------------------------------------------+
; Analysis & Synthesis Source Files Read                                                                                                                                        ;
+----------------------------------+-----------------+------------------------------+---------------------------------------------------------------------------------+---------+
; File Name with User-Entered Path ; Used in Netlist ; File Type                    ; File Name with Absolute Path                                                    ; Library ;
+----------------------------------+-----------------+------------------------------+---------------------------------------------------------------------------------+---------+
; parking_lot_change.sv            ; yes             ; User SystemVerilog HDL File  ; G:/My Drive/Life/UW/2024 Winter Quater/CSE 371/Lab 1/parking_lot_change.sv      ;         ;
; five_bit_counter.sv              ; yes             ; User SystemVerilog HDL File  ; G:/My Drive/Life/UW/2024 Winter Quater/CSE 371/Lab 1/five_bit_counter.sv        ;         ;
; DE1_SoC.sv                       ; yes             ; User SystemVerilog HDL File  ; G:/My Drive/Life/UW/2024 Winter Quater/CSE 371/Lab 1/DE1_SoC.sv                 ;         ;
; display_num_on_hex.sv            ; yes             ; User SystemVerilog HDL File  ; G:/My Drive/Life/UW/2024 Winter Quater/CSE 371/Lab 1/display_num_on_hex.sv      ;         ;
; car_count_display.sv             ; yes             ; User SystemVerilog HDL File  ; G:/My Drive/Life/UW/2024 Winter Quater/CSE 371/Lab 1/car_count_display.sv       ;         ;
; lpm_divide.tdf                   ; yes             ; Megafunction                 ; c:/intelfpga_lite/18.0/quartus/libraries/megafunctions/lpm_divide.tdf           ;         ;
; abs_divider.inc                  ; yes             ; Megafunction                 ; c:/intelfpga_lite/18.0/quartus/libraries/megafunctions/abs_divider.inc          ;         ;
; sign_div_unsign.inc              ; yes             ; Megafunction                 ; c:/intelfpga_lite/18.0/quartus/libraries/megafunctions/sign_div_unsign.inc      ;         ;
; aglobal170.inc                   ; yes             ; Megafunction                 ; c:/intelfpga_lite/18.0/quartus/libraries/megafunctions/aglobal170.inc           ;         ;
; db/lpm_divide_52m.tdf            ; yes             ; Auto-Generated Megafunction  ; G:/My Drive/Life/UW/2024 Winter Quater/CSE 371/Lab 1/db/lpm_divide_52m.tdf      ;         ;
; db/sign_div_unsign_8kh.tdf       ; yes             ; Auto-Generated Megafunction  ; G:/My Drive/Life/UW/2024 Winter Quater/CSE 371/Lab 1/db/sign_div_unsign_8kh.tdf ;         ;
; db/alt_u_div_mse.tdf             ; yes             ; Auto-Generated Megafunction  ; G:/My Drive/Life/UW/2024 Winter Quater/CSE 371/Lab 1/db/alt_u_div_mse.tdf       ;         ;
; db/lpm_divide_2am.tdf            ; yes             ; Auto-Generated Megafunction  ; G:/My Drive/Life/UW/2024 Winter Quater/CSE 371/Lab 1/db/lpm_divide_2am.tdf      ;         ;
+----------------------------------+-----------------+------------------------------+---------------------------------------------------------------------------------+---------+


+----------------------------------------------------------------------------------------+
; Analysis & Synthesis Resource Usage Summary                                            ;
+---------------------------------------------+------------------------------------------+
; Resource                                    ; Usage                                    ;
+---------------------------------------------+------------------------------------------+
; Estimate of Logic utilization (ALMs needed) ; 39                                       ;
;                                             ;                                          ;
; Combinational ALUT usage for logic          ; 72                                       ;
;     -- 7 input functions                    ; 0                                        ;
;     -- 6 input functions                    ; 5                                        ;
;     -- 5 input functions                    ; 11                                       ;
;     -- 4 input functions                    ; 9                                        ;
;     -- <=3 input functions                  ; 47                                       ;
;                                             ;                                          ;
; Dedicated logic registers                   ; 9                                        ;
;                                             ;                                          ;
; I/O pins                                    ; 79                                       ;
;                                             ;                                          ;
; Total DSP Blocks                            ; 0                                        ;
;                                             ;                                          ;
; Maximum fan-out node                        ; car_count_display:count_display|Equal0~0 ;
; Maximum fan-out                             ; 27                                       ;
; Total fan-out                               ; 396                                      ;
; Average fan-out                             ; 1.44                                     ;
+---------------------------------------------+------------------------------------------+


+------------------------------------------------------------------------------------------------------------------------------------------------------------------------------------------------------------------------------------------------------------------------------------------------------------------------------------+
; Analysis & Synthesis Resource Utilization by Entity                                                                                                                                                                                                                                                                                ;
+-------------------------------------------+---------------------+---------------------------+-------------------+------------+------+--------------+------------------------------------------------------------------------------------------------------------------------------------------+---------------------+--------------+
; Compilation Hierarchy Node                ; Combinational ALUTs ; Dedicated Logic Registers ; Block Memory Bits ; DSP Blocks ; Pins ; Virtual Pins ; Full Hierarchy Name                                                                                                                      ; Entity Name         ; Library Name ;
+-------------------------------------------+---------------------+---------------------------+-------------------+------------+------+--------------+------------------------------------------------------------------------------------------------------------------------------------------+---------------------+--------------+
; |DE1_SoC                                  ; 72 (0)              ; 9 (0)                     ; 0                 ; 0          ; 79   ; 0            ; |DE1_SoC                                                                                                                                 ; DE1_SoC             ; work         ;
;    |car_count_display:count_display|      ; 55 (7)              ; 0 (0)                     ; 0                 ; 0          ; 0    ; 0            ; |DE1_SoC|car_count_display:count_display                                                                                                 ; car_count_display   ; work         ;
;       |display_num_on_hex:ones|           ; 9 (9)               ; 0 (0)                     ; 0                 ; 0          ; 0    ; 0            ; |DE1_SoC|car_count_display:count_display|display_num_on_hex:ones                                                                         ; display_num_on_hex  ; work         ;
;       |display_num_on_hex:tens|           ; 3 (3)               ; 0 (0)                     ; 0                 ; 0          ; 0    ; 0            ; |DE1_SoC|car_count_display:count_display|display_num_on_hex:tens                                                                         ; display_num_on_hex  ; work         ;
;       |lpm_divide:Div0|                   ; 16 (0)              ; 0 (0)                     ; 0                 ; 0          ; 0    ; 0            ; |DE1_SoC|car_count_display:count_display|lpm_divide:Div0                                                                                 ; lpm_divide          ; work         ;
;          |lpm_divide_2am:auto_generated|  ; 16 (0)              ; 0 (0)                     ; 0                 ; 0          ; 0    ; 0            ; |DE1_SoC|car_count_display:count_display|lpm_divide:Div0|lpm_divide_2am:auto_generated                                                   ; lpm_divide_2am      ; work         ;
;             |sign_div_unsign_8kh:divider| ; 16 (0)              ; 0 (0)                     ; 0                 ; 0          ; 0    ; 0            ; |DE1_SoC|car_count_display:count_display|lpm_divide:Div0|lpm_divide_2am:auto_generated|sign_div_unsign_8kh:divider                       ; sign_div_unsign_8kh ; work         ;
;                |alt_u_div_mse:divider|    ; 16 (16)             ; 0 (0)                     ; 0                 ; 0          ; 0    ; 0            ; |DE1_SoC|car_count_display:count_display|lpm_divide:Div0|lpm_divide_2am:auto_generated|sign_div_unsign_8kh:divider|alt_u_div_mse:divider ; alt_u_div_mse       ; work         ;
;       |lpm_divide:Mod0|                   ; 20 (0)              ; 0 (0)                     ; 0                 ; 0          ; 0    ; 0            ; |DE1_SoC|car_count_display:count_display|lpm_divide:Mod0                                                                                 ; lpm_divide          ; work         ;
;          |lpm_divide_52m:auto_generated|  ; 20 (0)              ; 0 (0)                     ; 0                 ; 0          ; 0    ; 0            ; |DE1_SoC|car_count_display:count_display|lpm_divide:Mod0|lpm_divide_52m:auto_generated                                                   ; lpm_divide_52m      ; work         ;
;             |sign_div_unsign_8kh:divider| ; 20 (0)              ; 0 (0)                     ; 0                 ; 0          ; 0    ; 0            ; |DE1_SoC|car_count_display:count_display|lpm_divide:Mod0|lpm_divide_52m:auto_generated|sign_div_unsign_8kh:divider                       ; sign_div_unsign_8kh ; work         ;
;                |alt_u_div_mse:divider|    ; 20 (20)             ; 0 (0)                     ; 0                 ; 0          ; 0    ; 0            ; |DE1_SoC|car_count_display:count_display|lpm_divide:Mod0|lpm_divide_52m:auto_generated|sign_div_unsign_8kh:divider|alt_u_div_mse:divider ; alt_u_div_mse       ; work         ;
;    |five_bit_counter:counter|             ; 9 (9)               ; 5 (5)                     ; 0                 ; 0          ; 0    ; 0            ; |DE1_SoC|five_bit_counter:counter                                                                                                        ; five_bit_counter    ; work         ;
;    |parking_lot_change:parking|           ; 8 (8)               ; 4 (4)                     ; 0                 ; 0          ; 0    ; 0            ; |DE1_SoC|parking_lot_change:parking                                                                                                      ; parking_lot_change  ; work         ;
+-------------------------------------------+---------------------+---------------------------+-------------------+------------+------+--------------+------------------------------------------------------------------------------------------------------------------------------------------+---------------------+--------------+
Note: For table entries with two numbers listed, the numbers in parentheses indicate the number of resources of the given type used by the specific entity alone. The numbers listed outside of parentheses indicate the total resources of the given type used by the specific entity and all of its sub-entities in the hierarchy.


+------------------------------------------------------+
; General Register Statistics                          ;
+----------------------------------------------+-------+
; Statistic                                    ; Value ;
+----------------------------------------------+-------+
; Total registers                              ; 9     ;
; Number of registers using Synchronous Clear  ; 0     ;
; Number of registers using Synchronous Load   ; 0     ;
; Number of registers using Asynchronous Clear ; 0     ;
; Number of registers using Asynchronous Load  ; 0     ;
; Number of registers using Clock Enable       ; 5     ;
; Number of registers using Preset             ; 0     ;
+----------------------------------------------+-------+


+--------------------------------------------------------------------------------------------------------------------------------------------------------+
; Multiplexer Restructuring Statistics (Restructuring Performed)                                                                                         ;
+--------------------+-----------+---------------+----------------------+------------------------+------------+------------------------------------------+
; Multiplexer Inputs ; Bus Width ; Baseline Area ; Area if Restructured ; Saving if Restructured ; Registered ; Example Multiplexer Output               ;
+--------------------+-----------+---------------+----------------------+------------------------+------------+------------------------------------------+
; 7:1                ; 5 bits    ; 20 LEs        ; 10 LEs               ; 10 LEs                 ; Yes        ; |DE1_SoC|five_bit_counter:counter|out[4] ;
+--------------------+-----------+---------------+----------------------+------------------------+------------+------------------------------------------+


+--------------------------------------------------------------------------------------------------+
; Parameter Settings for Inferred Entity Instance: car_count_display:count_display|lpm_divide:Mod0 ;
+------------------------+----------------+--------------------------------------------------------+
; Parameter Name         ; Value          ; Type                                                   ;
+------------------------+----------------+--------------------------------------------------------+
; LPM_WIDTHN             ; 5              ; Untyped                                                ;
; LPM_WIDTHD             ; 4              ; Untyped                                                ;
; LPM_NREPRESENTATION    ; UNSIGNED       ; Untyped                                                ;
; LPM_DREPRESENTATION    ; UNSIGNED       ; Untyped                                                ;
; LPM_PIPELINE           ; 0              ; Untyped                                                ;
; LPM_REMAINDERPOSITIVE  ; TRUE           ; Untyped                                                ;
; MAXIMIZE_SPEED         ; 5              ; Untyped                                                ;
; CBXI_PARAMETER         ; lpm_divide_52m ; Untyped                                                ;
; CARRY_CHAIN            ; MANUAL         ; Untyped                                                ;
; OPTIMIZE_FOR_SPEED     ; 5              ; Untyped                                                ;
; AUTO_CARRY_CHAINS      ; ON             ; AUTO_CARRY                                             ;
; IGNORE_CARRY_BUFFERS   ; OFF            ; IGNORE_CARRY                                           ;
; AUTO_CASCADE_CHAINS    ; ON             ; AUTO_CASCADE                                           ;
; IGNORE_CASCADE_BUFFERS ; OFF            ; IGNORE_CASCADE                                         ;
+------------------------+----------------+--------------------------------------------------------+
Note: In order to hide this table in the UI and the text report file, please set the "Show Parameter Settings in Synthesis Report" option in "Analysis and Synthesis Settings -> More Settings" to "Off".


+--------------------------------------------------------------------------------------------------+
; Parameter Settings for Inferred Entity Instance: car_count_display:count_display|lpm_divide:Div0 ;
+------------------------+----------------+--------------------------------------------------------+
; Parameter Name         ; Value          ; Type                                                   ;
+------------------------+----------------+--------------------------------------------------------+
; LPM_WIDTHN             ; 5              ; Untyped                                                ;
; LPM_WIDTHD             ; 4              ; Untyped                                                ;
; LPM_NREPRESENTATION    ; UNSIGNED       ; Untyped                                                ;
; LPM_DREPRESENTATION    ; UNSIGNED       ; Untyped                                                ;
; LPM_PIPELINE           ; 0              ; Untyped                                                ;
; LPM_REMAINDERPOSITIVE  ; TRUE           ; Untyped                                                ;
; MAXIMIZE_SPEED         ; 5              ; Untyped                                                ;
; CBXI_PARAMETER         ; lpm_divide_2am ; Untyped                                                ;
; CARRY_CHAIN            ; MANUAL         ; Untyped                                                ;
; OPTIMIZE_FOR_SPEED     ; 5              ; Untyped                                                ;
; AUTO_CARRY_CHAINS      ; ON             ; AUTO_CARRY                                             ;
; IGNORE_CARRY_BUFFERS   ; OFF            ; IGNORE_CARRY                                           ;
; AUTO_CASCADE_CHAINS    ; ON             ; AUTO_CASCADE                                           ;
; IGNORE_CASCADE_BUFFERS ; OFF            ; IGNORE_CASCADE                                         ;
+------------------------+----------------+--------------------------------------------------------+
Note: In order to hide this table in the UI and the text report file, please set the "Show Parameter Settings in Synthesis Report" option in "Analysis and Synthesis Settings -> More Settings" to "Off".


+-----------------------------------------------------+
; Post-Synthesis Netlist Statistics for Top Partition ;
+-----------------------+-----------------------------+
; Type                  ; Count                       ;
+-----------------------+-----------------------------+
; arriav_ff             ; 9                           ;
;     ENA               ; 5                           ;
;     plain             ; 4                           ;
; arriav_io_obuf        ; 36                          ;
; arriav_lcell_comb     ; 74                          ;
;     arith             ; 14                          ;
;         0 data inputs ; 4                           ;
;         1 data inputs ; 2                           ;
;         2 data inputs ; 4                           ;
;         3 data inputs ; 4                           ;
;     normal            ; 50                          ;
;         0 data inputs ; 1                           ;
;         1 data inputs ; 1                           ;
;         2 data inputs ; 18                          ;
;         3 data inputs ; 5                           ;
;         4 data inputs ; 9                           ;
;         5 data inputs ; 11                          ;
;         6 data inputs ; 5                           ;
;     shared            ; 10                          ;
;         0 data inputs ; 2                           ;
;         1 data inputs ; 8                           ;
; boundary_port         ; 79                          ;
;                       ;                             ;
; Max LUT depth         ; 6.70                        ;
; Average LUT depth     ; 3.43                        ;
+-----------------------+-----------------------------+


+-------------------------------+
; Elapsed Time Per Partition    ;
+----------------+--------------+
; Partition Name ; Elapsed Time ;
+----------------+--------------+
; Top            ; 00:00:00     ;
+----------------+--------------+


+-------------------------------+
; Analysis & Synthesis Messages ;
+-------------------------------+
Info: *******************************************************************
Info: Running Quartus Prime Analysis & Synthesis
    Info: Version 17.0.0 Build 595 04/25/2017 SJ Lite Edition
    Info: Processing started: Sat Jan 13 01:43:30 2024
Info: Command: quartus_map --read_settings_files=on --write_settings_files=off DE1_SoC -c DE1_SoC
Info (20030): Parallel compilation is enabled and will use 14 of the 14 processors detected
Info (12021): Found 2 design units, including 2 entities, in source file parking_lot_change.sv
    Info (12023): Found entity 1: parking_lot_change File: G:/My Drive/Life/UW/2024 Winter Quater/CSE 371/Lab 1/parking_lot_change.sv Line: 14
    Info (12023): Found entity 2: parking_lot_change_testbench File: G:/My Drive/Life/UW/2024 Winter Quater/CSE 371/Lab 1/parking_lot_change.sv Line: 106
Info (12021): Found 2 design units, including 2 entities, in source file five_bit_counter.sv
    Info (12023): Found entity 1: five_bit_counter File: G:/My Drive/Life/UW/2024 Winter Quater/CSE 371/Lab 1/five_bit_counter.sv Line: 12
    Info (12023): Found entity 2: five_bit_counter_testbench File: G:/My Drive/Life/UW/2024 Winter Quater/CSE 371/Lab 1/five_bit_counter.sv Line: 58
Info (12021): Found 2 design units, including 2 entities, in source file de1_soc.sv
    Info (12023): Found entity 1: DE1_SoC File: G:/My Drive/Life/UW/2024 Winter Quater/CSE 371/Lab 1/DE1_SoC.sv Line: 12
    Info (12023): Found entity 2: DE1_SoC_testbench File: G:/My Drive/Life/UW/2024 Winter Quater/CSE 371/Lab 1/DE1_SoC.sv Line: 58
Info (12021): Found 2 design units, including 2 entities, in source file display_num_on_hex.sv
    Info (12023): Found entity 1: display_num_on_hex File: G:/My Drive/Life/UW/2024 Winter Quater/CSE 371/Lab 1/display_num_on_hex.sv Line: 11
    Info (12023): Found entity 2: display_num_on_hex_testbench File: G:/My Drive/Life/UW/2024 Winter Quater/CSE 371/Lab 1/display_num_on_hex.sv Line: 36
Info (12021): Found 2 design units, including 2 entities, in source file car_count_display.sv
    Info (12023): Found entity 1: car_count_display File: G:/My Drive/Life/UW/2024 Winter Quater/CSE 371/Lab 1/car_count_display.sv Line: 12
    Info (12023): Found entity 2: car_count_display_testbench File: G:/My Drive/Life/UW/2024 Winter Quater/CSE 371/Lab 1/car_count_display.sv Line: 65
Info (12127): Elaborating entity "DE1_SoC" for the top level hierarchy
Warning (10665): Bidirectional port "V_GPIO[29]" at DE1_SoC.sv(14) has a one-way connection to bidirectional port "V_GPIO[27]" File: G:/My Drive/Life/UW/2024 Winter Quater/CSE 371/Lab 1/DE1_SoC.sv Line: 14
Warning (10665): Bidirectional port "V_GPIO[28]" at DE1_SoC.sv(14) has a one-way connection to bidirectional port "V_GPIO[26]" File: G:/My Drive/Life/UW/2024 Winter Quater/CSE 371/Lab 1/DE1_SoC.sv Line: 14
Info (12128): Elaborating entity "parking_lot_change" for hierarchy "parking_lot_change:parking" File: G:/My Drive/Life/UW/2024 Winter Quater/CSE 371/Lab 1/DE1_SoC.sv Line: 41
Info (12128): Elaborating entity "five_bit_counter" for hierarchy "five_bit_counter:counter" File: G:/My Drive/Life/UW/2024 Winter Quater/CSE 371/Lab 1/DE1_SoC.sv Line: 47
Info (12128): Elaborating entity "car_count_display" for hierarchy "car_count_display:count_display" File: G:/My Drive/Life/UW/2024 Winter Quater/CSE 371/Lab 1/DE1_SoC.sv Line: 51
Warning (10230): Verilog HDL assignment warning at car_count_display.sv(18): truncated value with size 32 to match size of target (4) File: G:/My Drive/Life/UW/2024 Winter Quater/CSE 371/Lab 1/car_count_display.sv Line: 18
Warning (10230): Verilog HDL assignment warning at car_count_display.sv(19): truncated value with size 32 to match size of target (4) File: G:/My Drive/Life/UW/2024 Winter Quater/CSE 371/Lab 1/car_count_display.sv Line: 19
Info (12128): Elaborating entity "display_num_on_hex" for hierarchy "car_count_display:count_display|display_num_on_hex:ones" File: G:/My Drive/Life/UW/2024 Winter Quater/CSE 371/Lab 1/car_count_display.sv Line: 25
Info (278001): Inferred 2 megafunctions from design logic
    Info (278004): Inferred divider/modulo megafunction ("lpm_divide") from the following logic: "car_count_display:count_display|Mod0" File: G:/My Drive/Life/UW/2024 Winter Quater/CSE 371/Lab 1/car_count_display.sv Line: 18
    Info (278004): Inferred divider/modulo megafunction ("lpm_divide") from the following logic: "car_count_display:count_display|Div0" File: G:/My Drive/Life/UW/2024 Winter Quater/CSE 371/Lab 1/car_count_display.sv Line: 19
Info (12130): Elaborated megafunction instantiation "car_count_display:count_display|lpm_divide:Mod0" File: G:/My Drive/Life/UW/2024 Winter Quater/CSE 371/Lab 1/car_count_display.sv Line: 18
Info (12133): Instantiated megafunction "car_count_display:count_display|lpm_divide:Mod0" with the following parameter: File: G:/My Drive/Life/UW/2024 Winter Quater/CSE 371/Lab 1/car_count_display.sv Line: 18
    Info (12134): Parameter "LPM_WIDTHN" = "5"
    Info (12134): Parameter "LPM_WIDTHD" = "4"
    Info (12134): Parameter "LPM_NREPRESENTATION" = "UNSIGNED"
    Info (12134): Parameter "LPM_DREPRESENTATION" = "UNSIGNED"
Info (12021): Found 1 design units, including 1 entities, in source file db/lpm_divide_52m.tdf
    Info (12023): Found entity 1: lpm_divide_52m File: G:/My Drive/Life/UW/2024 Winter Quater/CSE 371/Lab 1/db/lpm_divide_52m.tdf Line: 25
Info (12021): Found 1 design units, including 1 entities, in source file db/sign_div_unsign_8kh.tdf
    Info (12023): Found entity 1: sign_div_unsign_8kh File: G:/My Drive/Life/UW/2024 Winter Quater/CSE 371/Lab 1/db/sign_div_unsign_8kh.tdf Line: 25
Info (12021): Found 1 design units, including 1 entities, in source file db/alt_u_div_mse.tdf
    Info (12023): Found entity 1: alt_u_div_mse File: G:/My Drive/Life/UW/2024 Winter Quater/CSE 371/Lab 1/db/alt_u_div_mse.tdf Line: 23
Info (12130): Elaborated megafunction instantiation "car_count_display:count_display|lpm_divide:Div0" File: G:/My Drive/Life/UW/2024 Winter Quater/CSE 371/Lab 1/car_count_display.sv Line: 19
Info (12133): Instantiated megafunction "car_count_display:count_display|lpm_divide:Div0" with the following parameter: File: G:/My Drive/Life/UW/2024 Winter Quater/CSE 371/Lab 1/car_count_display.sv Line: 19
    Info (12134): Parameter "LPM_WIDTHN" = "5"
    Info (12134): Parameter "LPM_WIDTHD" = "4"
    Info (12134): Parameter "LPM_NREPRESENTATION" = "UNSIGNED"
    Info (12134): Parameter "LPM_DREPRESENTATION" = "UNSIGNED"
Info (12021): Found 1 design units, including 1 entities, in source file db/lpm_divide_2am.tdf
    Info (12023): Found entity 1: lpm_divide_2am File: G:/My Drive/Life/UW/2024 Winter Quater/CSE 371/Lab 1/db/lpm_divide_2am.tdf Line: 25
Warning (13039): The following bidirectional pins have no drivers
Warning (13009): TRI or OPNDRN buffers permanently enabled
    Warning (13010): Node "SW0~synth" File: G:/My Drive/Life/UW/2024 Winter Quater/CSE 371/Lab 1/DE1_SoC.sv Line: 20
    Warning (13010): Node "SW1~synth" File: G:/My Drive/Life/UW/2024 Winter Quater/CSE 371/Lab 1/DE1_SoC.sv Line: 20
Info (286030): Timing-Driven Synthesis is running
Info (144001): Generated suppressed messages file G:/My Drive/Life/UW/2024 Winter Quater/CSE 371/Lab 1/output_files/DE1_SoC.map.smsg
Info (16010): Generating hard_block partition "hard_block:auto_generated_inst"
    Info (16011): Adding 0 node(s), including 0 DDIO, 0 PLL, 0 transceiver and 0 LCELL
Info (21057): Implemented 151 device resources after synthesis - the final resource count might be different
    Info (21058): Implemented 1 input pins
    Info (21059): Implemented 42 output pins
    Info (21060): Implemented 36 bidirectional pins
    Info (21061): Implemented 72 logic cells
Info: Quartus Prime Analysis & Synthesis was successful. 0 errors, 8 warnings
    Info: Peak virtual memory: 4903 megabytes
    Info: Processing ended: Sat Jan 13 01:43:40 2024
    Info: Elapsed time: 00:00:10
    Info: Total CPU time (on all processors): 00:00:02


+------------------------------------------+
; Analysis & Synthesis Suppressed Messages ;
+------------------------------------------+
The suppressed messages can be found in G:/My Drive/Life/UW/2024 Winter Quater/CSE 371/Lab 1/output_files/DE1_SoC.map.smsg.


